Using pre-set license
Built from '2020.3/staging' branch; Version is '2020.3.19f1 (68f137dc9bbe) revision 6877495'; Using compiler version '192528614'; Build Type 'Release'
OS: 'Windows 10 Pro; OS build 19043.1288; Version 2009; 64bit' Language: 'es' Physical Memory: 12211 MB
BatchMode: 1, IsHumanControllingUs: 0, StartBugReporterOnCrash: 0, Is64bit: 1, IsPro: 0

COMMAND LINE ARGUMENTS:
C:\Program Files\Unity\Hub\Editor\2020.3.19f1\Editor\Unity.exe
-adb2
-batchMode
-noUpm
-name
AssetImportWorker0
-projectPath
C:/Users/Usuario/Desktop/PROYECTO FINAL - ASSETS/Proyecto Final
-logFile
Logs/AssetImportWorker0.log
-srvPort
60048
Successfully changed project path to: C:/Users/Usuario/Desktop/PROYECTO FINAL - ASSETS/Proyecto Final
C:/Users/Usuario/Desktop/PROYECTO FINAL - ASSETS/Proyecto Final
Using Asset Import Pipeline V2.
Refreshing native plugins compatible for Editor in 38.34 ms, found 2 plugins.
Preloading 0 native plugins for Editor in 0.00 ms.
Initialize engine version: 2020.3.19f1 (68f137dc9bbe)
[Subsystems] Discovering subsystems at path C:/Program Files/Unity/Hub/Editor/2020.3.19f1/Editor/Data/Resources/UnitySubsystems
[Subsystems] Discovering subsystems at path C:/Users/Usuario/Desktop/PROYECTO FINAL - ASSETS/Proyecto Final/Assets
GfxDevice: creating device client; threaded=0
Direct3D:
    Version:  Direct3D 11.0 [level 10.1]
    Renderer: NVIDIA GeForce GT 220  (ID=0xa20)
    Vendor:   
    VRAM:     972 MB
    Driver:   9.18.13.4174
Initialize mono
Mono path[0] = 'C:/Program Files/Unity/Hub/Editor/2020.3.19f1/Editor/Data/Managed'
Mono path[1] = 'C:/Program Files/Unity/Hub/Editor/2020.3.19f1/Editor/Data/MonoBleedingEdge/lib/mono/unityjit'
Mono config path = 'C:/Program Files/Unity/Hub/Editor/2020.3.19f1/Editor/Data/MonoBleedingEdge/etc'
Using monoOptions --debugger-agent=transport=dt_socket,embedding=1,server=y,suspend=n,address=127.0.0.1:56596
Begin MonoManager ReloadAssembly
Registering precompiled unity dll's ...
Register platform support module: C:/Program Files/Unity/Hub/Editor/2020.3.19f1/Editor/Data/PlaybackEngines/WindowsStandaloneSupport/UnityEditor.WindowsStandalone.Extensions.dll
Registered in 0.003139 seconds.
Native extension for WindowsStandalone target not found
Refreshing native plugins compatible for Editor in 37.74 ms, found 2 plugins.
Preloading 0 native plugins for Editor in 0.00 ms.
Mono: successfully reloaded assembly
- Completed reload, in  1.218 seconds
Domain Reload Profiling:
	ReloadAssembly (1218ms)
		BeginReloadAssembly (84ms)
			ExecutionOrderSort (0ms)
			DisableScriptedObjects (0ms)
			BackupInstance (0ms)
			ReleaseScriptingObjects (0ms)
			CreateAndSetChildDomain (1ms)
		EndReloadAssembly (436ms)
			LoadAssemblies (78ms)
			RebuildTransferFunctionScriptingTraits (0ms)
			SetupTypeCache (161ms)
			ReleaseScriptCaches (0ms)
			RebuildScriptCaches (32ms)
			SetupLoadedEditorAssemblies (168ms)
				LogAssemblyErrors (0ms)
				InitializePlatformSupportModulesInManaged (4ms)
				SetLoadedEditorAssemblies (0ms)
				RefreshPlugins (38ms)
				BeforeProcessingInitializeOnLoad (17ms)
				ProcessInitializeOnLoadAttributes (81ms)
				ProcessInitializeOnLoadMethodAttributes (28ms)
				AfterProcessingInitializeOnLoad (0ms)
				EditorAssembliesLoaded (0ms)
			ExecutionOrderSort2 (0ms)
			AwakeInstancesAfterBackupRestoration (0ms)
Platform modules already initialized, skipping
Registering precompiled user dll's ...
Registered in 0.004225 seconds.
Begin MonoManager ReloadAssembly
Native extension for WindowsStandalone target not found
Refreshing native plugins compatible for Editor in 0.44 ms, found 2 plugins.
Preloading 0 native plugins for Editor in 0.00 ms.
Mono: successfully reloaded assembly
- Completed reload, in  1.172 seconds
Domain Reload Profiling:
	ReloadAssembly (1173ms)
		BeginReloadAssembly (158ms)
			ExecutionOrderSort (0ms)
			DisableScriptedObjects (5ms)
			BackupInstance (0ms)
			ReleaseScriptingObjects (0ms)
			CreateAndSetChildDomain (20ms)
		EndReloadAssembly (947ms)
			LoadAssemblies (100ms)
			RebuildTransferFunctionScriptingTraits (0ms)
			SetupTypeCache (302ms)
			ReleaseScriptCaches (0ms)
			RebuildScriptCaches (43ms)
			SetupLoadedEditorAssemblies (401ms)
				LogAssemblyErrors (0ms)
				InitializePlatformSupportModulesInManaged (6ms)
				SetLoadedEditorAssemblies (0ms)
				RefreshPlugins (1ms)
				BeforeProcessingInitializeOnLoad (83ms)
				ProcessInitializeOnLoadAttributes (294ms)
				ProcessInitializeOnLoadMethodAttributes (4ms)
				AfterProcessingInitializeOnLoad (11ms)
				EditorAssembliesLoaded (0ms)
			ExecutionOrderSort2 (0ms)
			AwakeInstancesAfterBackupRestoration (7ms)
Platform modules already initialized, skipping
========================================================================
Worker process is ready to serve import requests
Launched and connected shader compiler UnityShaderCompiler.exe after 0.07 seconds
Refreshing native plugins compatible for Editor in 0.48 ms, found 2 plugins.
Preloading 0 native plugins for Editor in 0.00 ms.
Unloading 1553 Unused Serialized files (Serialized files now loaded: 0)
System memory in use before: 86.2 MB.
System memory in use after: 86.3 MB.

Unloading 18 unused Assets to reduce memory usage. Loaded Objects now: 2010.
Total: 3.356600 ms (FindLiveObjects: 0.189800 ms CreateObjectMapping: 0.106000 ms MarkObjects: 2.937800 ms  DeleteObjects: 0.122100 ms)

AssetImportParameters requested are different than current active one (requested -> active):
  custom:framework-win-MediaFoundation: 216162199b28c13a410421893ffa2e32 -> 
  custom:video-decoder-ogg-theora: a1e56fd34408186e4bbccfd4996cb3dc -> 
  custom:container-muxer-webm: aa71ff27fc2769a1b78a27578f13a17b -> 
  custom:container-demuxer-webm: 4f35f7cbe854078d1ac9338744f61a02 -> 
  custom:container-demuxer-ogg: 62fdf1f143b41e24485cea50d1cbac27 -> 
  custom:video-encoder-webm-vp8: eb34c28f22e8b96e1ab97ce403110664 -> 
  custom:video-decoder-webm-vp8: 9c59270c3fd7afecdb556c50c9e8de78 -> 
  custom:audio-decoder-ogg-vorbis: bf7c407c2cedff20999df2af8eb42d56 -> 
  custom:audio-encoder-webm-vorbis: bf7c407c2cedff20999df2af8eb42d56 -> 
========================================================================
Received Import Request.
  path: Assets/Textures/Bridge
  artifactKey: Guid(736fac104cabd4643addd045f1ab13f0) Importer(815301076,1909f56bfc062723c751e8b465ee728b)
Start importing Assets/Textures/Bridge using Guid(736fac104cabd4643addd045f1ab13f0) Importer(815301076,1909f56bfc062723c751e8b465ee728b)  -> (artifact id: '0c671fe8df5f8f32917072bfcd89e242') in 0.006060 seconds 
  Import took 0.009069 seconds .

========================================================================
Received Import Request.
  Time since last request: 3.294848 seconds.
  path: Assets/Textures/Bridge/BASE_AO.png
  artifactKey: Guid(4f9e60970c13a404a9e1ec51c78f2eda) Importer(815301076,1909f56bfc062723c751e8b465ee728b)
Start importing Assets/Textures/Bridge/BASE_AO.png using Guid(4f9e60970c13a404a9e1ec51c78f2eda) Importer(815301076,1909f56bfc062723c751e8b465ee728b)  -> (artifact id: 'af2a24ca0c072bec6e53bf02dee7fbdd') in 0.114736 seconds 
  Import took 0.118354 seconds .

========================================================================
Received Import Request.
  Time since last request: 0.000200 seconds.
  path: Assets/Textures/Bridge/BASE_NORMAL.png
  artifactKey: Guid(375c60443fcffcd4cb4f2897bac5bff6) Importer(815301076,1909f56bfc062723c751e8b465ee728b)
Start importing Assets/Textures/Bridge/BASE_NORMAL.png using Guid(375c60443fcffcd4cb4f2897bac5bff6) Importer(815301076,1909f56bfc062723c751e8b465ee728b)  -> (artifact id: 'be4fe259883a20687b095251f7785a31') in 0.014777 seconds 
  Import took 0.017952 seconds .

========================================================================
Received Import Request.
  Time since last request: 0.000251 seconds.
  path: Assets/Textures/Bridge/VARANDE_AO.png
  artifactKey: Guid(75ee76335c193544aab6a1b6f89eb671) Importer(815301076,1909f56bfc062723c751e8b465ee728b)
Start importing Assets/Textures/Bridge/VARANDE_AO.png using Guid(75ee76335c193544aab6a1b6f89eb671) Importer(815301076,1909f56bfc062723c751e8b465ee728b)  -> (artifact id: '86430a993583f0edee3dbecb5dd1d8ff') in 0.031909 seconds 
  Import took 0.035256 seconds .

========================================================================
Received Import Request.
  Time since last request: 0.000227 seconds.
  path: Assets/Textures/Bridge/VARANDE_NORMAL.png
  artifactKey: Guid(26dbabed5b6b2224ebce66f162cae297) Importer(815301076,1909f56bfc062723c751e8b465ee728b)
Start importing Assets/Textures/Bridge/VARANDE_NORMAL.png using Guid(26dbabed5b6b2224ebce66f162cae297) Importer(815301076,1909f56bfc062723c751e8b465ee728b)  -> (artifact id: '9198c00076bf11a5cc4dd7e888ff9d5c') in 0.017163 seconds 
  Import took 0.039497 seconds .

========================================================================
Received Import Request.
  Time since last request: 0.000213 seconds.
  path: Assets/Textures/Bridge/BASE_DIFUSE.png
  artifactKey: Guid(17e1ee8c33a574e448bf2c6ef473fde1) Importer(815301076,1909f56bfc062723c751e8b465ee728b)
Start importing Assets/Textures/Bridge/BASE_DIFUSE.png using Guid(17e1ee8c33a574e448bf2c6ef473fde1) Importer(815301076,1909f56bfc062723c751e8b465ee728b)  -> (artifact id: 'b3cea1651b6decb6eaf21ec1c73d2053') in 0.032964 seconds 
  Import took 0.036465 seconds .

========================================================================
Received Import Request.
  Time since last request: 0.000276 seconds.
  path: Assets/Textures/Bridge/FLOOR_DIFUSE.png
  artifactKey: Guid(1b3efb6594aa1874ab45d37de5b43b2c) Importer(815301076,1909f56bfc062723c751e8b465ee728b)
Start importing Assets/Textures/Bridge/FLOOR_DIFUSE.png using Guid(1b3efb6594aa1874ab45d37de5b43b2c) Importer(815301076,1909f56bfc062723c751e8b465ee728b)  -> (artifact id: '29cb2bbf76fa00c1da017d8a935f99a1') in 0.029018 seconds 
  Import took 0.032868 seconds .

========================================================================
Received Import Request.
  Time since last request: 0.000359 seconds.
  path: Assets/Textures/Bridge/VARANDE_DIFUSE.png
  artifactKey: Guid(62ae935d34f21e94db5394d30fc8b128) Importer(815301076,1909f56bfc062723c751e8b465ee728b)
Start importing Assets/Textures/Bridge/VARANDE_DIFUSE.png using Guid(62ae935d34f21e94db5394d30fc8b128) Importer(815301076,1909f56bfc062723c751e8b465ee728b)  -> (artifact id: '7650da080edaab8e353d8d9c70afa7cc') in 0.032673 seconds 
  Import took 0.036388 seconds .

========================================================================
Received Import Request.
  Time since last request: 0.000251 seconds.
  path: Assets/Textures/Bridge/FLOOR_NORMAL.png
  artifactKey: Guid(5ab1f4fc20de27f4db1c52780c68f374) Importer(815301076,1909f56bfc062723c751e8b465ee728b)
Start importing Assets/Textures/Bridge/FLOOR_NORMAL.png using Guid(5ab1f4fc20de27f4db1c52780c68f374) Importer(815301076,1909f56bfc062723c751e8b465ee728b)  -> (artifact id: 'de9839bdf554776db3c2e9e096560425') in 0.035931 seconds 
  Import took 0.039630 seconds .

========================================================================
Received Import Request.
  Time since last request: 0.000203 seconds.
  path: Assets/Textures/Bridge/FLOOR_AO.png
  artifactKey: Guid(31480f10d7c1d7644a0f88994a1bed42) Importer(815301076,1909f56bfc062723c751e8b465ee728b)
Start importing Assets/Textures/Bridge/FLOOR_AO.png using Guid(31480f10d7c1d7644a0f88994a1bed42) Importer(815301076,1909f56bfc062723c751e8b465ee728b)  -> (artifact id: '5546af1de505404aca8a61b151defc33') in 0.019510 seconds 
  Import took 0.022312 seconds .

========================================================================
Received Import Request.
  Time since last request: 43.023117 seconds.
  path: Assets/Textures/Bridge/BASE_NORMAL.png
  artifactKey: Guid(375c60443fcffcd4cb4f2897bac5bff6) Importer(815301076,1909f56bfc062723c751e8b465ee728b)
Start importing Assets/Textures/Bridge/BASE_NORMAL.png using Guid(375c60443fcffcd4cb4f2897bac5bff6) Importer(815301076,1909f56bfc062723c751e8b465ee728b)  -> (artifact id: '8c5133924c8b5ea49176bc667c4363b3') in 0.067383 seconds 
  Import took 0.075177 seconds .

========================================================================
Received Prepare
Registering precompiled user dll's ...
Registered in 0.004418 seconds.
Begin MonoManager ReloadAssembly
Native extension for WindowsStandalone target not found
Refreshing native plugins compatible for Editor in 0.42 ms, found 2 plugins.
Preloading 0 native plugins for Editor in 0.00 ms.
Mono: successfully reloaded assembly
- Completed reload, in  1.293 seconds
Domain Reload Profiling:
	ReloadAssembly (1293ms)
		BeginReloadAssembly (249ms)
			ExecutionOrderSort (0ms)
			DisableScriptedObjects (4ms)
			BackupInstance (0ms)
			ReleaseScriptingObjects (0ms)
			CreateAndSetChildDomain (46ms)
		EndReloadAssembly (930ms)
			LoadAssemblies (196ms)
			RebuildTransferFunctionScriptingTraits (0ms)
			SetupTypeCache (339ms)
			ReleaseScriptCaches (1ms)
			RebuildScriptCaches (42ms)
			SetupLoadedEditorAssemblies (366ms)
				LogAssemblyErrors (0ms)
				InitializePlatformSupportModulesInManaged (5ms)
				SetLoadedEditorAssemblies (1ms)
				RefreshPlugins (0ms)
				BeforeProcessingInitializeOnLoad (76ms)
				ProcessInitializeOnLoadAttributes (269ms)
				ProcessInitializeOnLoadMethodAttributes (5ms)
				AfterProcessingInitializeOnLoad (10ms)
				EditorAssembliesLoaded (0ms)
			ExecutionOrderSort2 (0ms)
			AwakeInstancesAfterBackupRestoration (7ms)
Platform modules already initialized, skipping
Refreshing native plugins compatible for Editor in 0.64 ms, found 2 plugins.
Preloading 0 native plugins for Editor in 0.00 ms.
Unloading 1543 Unused Serialized files (Serialized files now loaded: 0)
System memory in use before: 88.8 MB.
System memory in use after: 88.9 MB.

Unloading 13 unused Assets to reduce memory usage. Loaded Objects now: 2017.
Total: 3.260300 ms (FindLiveObjects: 0.168400 ms CreateObjectMapping: 0.098200 ms MarkObjects: 2.898900 ms  DeleteObjects: 0.093500 ms)

AssetImportParameters requested are different than current active one (requested -> active):
  custom:framework-win-MediaFoundation: 216162199b28c13a410421893ffa2e32 -> 
  custom:video-decoder-ogg-theora: a1e56fd34408186e4bbccfd4996cb3dc -> 
  custom:container-muxer-webm: aa71ff27fc2769a1b78a27578f13a17b -> 
  custom:container-demuxer-webm: 4f35f7cbe854078d1ac9338744f61a02 -> 
  custom:container-demuxer-ogg: 62fdf1f143b41e24485cea50d1cbac27 -> 
  custom:video-encoder-webm-vp8: eb34c28f22e8b96e1ab97ce403110664 -> 
  custom:video-decoder-webm-vp8: 9c59270c3fd7afecdb556c50c9e8de78 -> 
  custom:audio-decoder-ogg-vorbis: bf7c407c2cedff20999df2af8eb42d56 -> 
  custom:audio-encoder-webm-vorbis: bf7c407c2cedff20999df2af8eb42d56 -> 
========================================================================
Received Import Request.
  Time since last request: 223.700499 seconds.
  path: Assets/Textures/Bridge/FLOOR_NORMAL.png
  artifactKey: Guid(5ab1f4fc20de27f4db1c52780c68f374) Importer(815301076,1909f56bfc062723c751e8b465ee728b)
Start importing Assets/Textures/Bridge/FLOOR_NORMAL.png using Guid(5ab1f4fc20de27f4db1c52780c68f374) Importer(815301076,1909f56bfc062723c751e8b465ee728b)  -> (artifact id: 'ee694f7b774e0e8a1dc1d6714ac8322e') in 0.048136 seconds 
  Import took 0.052067 seconds .

========================================================================
Received Import Request.
  Time since last request: 0.000215 seconds.
  path: Assets/Textures/Bridge/VARANDE_NORMAL.png
  artifactKey: Guid(26dbabed5b6b2224ebce66f162cae297) Importer(815301076,1909f56bfc062723c751e8b465ee728b)
Start importing Assets/Textures/Bridge/VARANDE_NORMAL.png using Guid(26dbabed5b6b2224ebce66f162cae297) Importer(815301076,1909f56bfc062723c751e8b465ee728b)  -> (artifact id: '3f4f937f879eb7e51e9fef3e97f8ff1a') in 0.021680 seconds 
  Import took 0.024757 seconds .

========================================================================
Received Import Request.
  Time since last request: 6.924864 seconds.
  path: Assets/Textures/Bridge/Materials
  artifactKey: Guid(e79bd79da271d104db6c8f73282c5329) Importer(815301076,1909f56bfc062723c751e8b465ee728b)
Start importing Assets/Textures/Bridge/Materials using Guid(e79bd79da271d104db6c8f73282c5329) Importer(815301076,1909f56bfc062723c751e8b465ee728b)  -> (artifact id: '7f1a54158061309a72c6d9e74449c967') in 0.002433 seconds 
  Import took 0.005743 seconds .

========================================================================
Received Import Request.
  Time since last request: 0.093029 seconds.
  path: Assets/Textures/Bridge/Materials/BASE_DIFUSE.mat
  artifactKey: Guid(ae9c749441a7adf4ca2d3ce129aa7871) Importer(815301076,1909f56bfc062723c751e8b465ee728b)
Start importing Assets/Textures/Bridge/Materials/BASE_DIFUSE.mat using Guid(ae9c749441a7adf4ca2d3ce129aa7871) Importer(815301076,1909f56bfc062723c751e8b465ee728b)  -> (artifact id: '0f714b83eb50e84a502d6cb4f9e03377') in 0.057741 seconds 
  Import took 0.060880 seconds .

========================================================================
Received Import Request.
  Time since last request: 0.000278 seconds.
  path: Assets/Textures/Bridge/Materials/VARANDE_DIFUSE.mat
  artifactKey: Guid(0e1339387180cdf4480611ce0a22b2b9) Importer(815301076,1909f56bfc062723c751e8b465ee728b)
Start importing Assets/Textures/Bridge/Materials/VARANDE_DIFUSE.mat using Guid(0e1339387180cdf4480611ce0a22b2b9) Importer(815301076,1909f56bfc062723c751e8b465ee728b)  -> (artifact id: 'ab78740deb39af0cb7b5ecd48b115bac') in 0.018919 seconds 
  Import took 0.021751 seconds .

========================================================================
Received Import Request.
  Time since last request: 0.000224 seconds.
  path: Assets/Textures/Bridge/Materials/FLOOR_DIFUSE.mat
  artifactKey: Guid(c83f2ed4285989846804a425f64896ee) Importer(815301076,1909f56bfc062723c751e8b465ee728b)
Start importing Assets/Textures/Bridge/Materials/FLOOR_DIFUSE.mat using Guid(c83f2ed4285989846804a425f64896ee) Importer(815301076,1909f56bfc062723c751e8b465ee728b)  -> (artifact id: 'd3a0c6df21b56465a68621b7522069e0') in 0.021646 seconds 
  Import took 0.024645 seconds .

AssetImportWorkerClient::OnTransportError - code=2 error=End of file
