Using pre-set license
Built from '2020.3/staging' branch; Version is '2020.3.19f1 (68f137dc9bbe) revision 6877495'; Using compiler version '192528614'; Build Type 'Release'
OS: 'Windows 10 Pro; OS build 19043.1288; Version 2009; 64bit' Language: 'es' Physical Memory: 12211 MB
BatchMode: 1, IsHumanControllingUs: 0, StartBugReporterOnCrash: 0, Is64bit: 1, IsPro: 0

COMMAND LINE ARGUMENTS:
C:\Program Files\Unity\Hub\Editor\2020.3.19f1\Editor\Unity.exe
-adb2
-batchMode
-noUpm
-name
AssetImportWorker0
-projectPath
C:/Users/Usuario/Desktop/PROYECTO FINAL - ASSETS/Proyecto Final
-logFile
Logs/AssetImportWorker0.log
-srvPort
50681
Successfully changed project path to: C:/Users/Usuario/Desktop/PROYECTO FINAL - ASSETS/Proyecto Final
C:/Users/Usuario/Desktop/PROYECTO FINAL - ASSETS/Proyecto Final
Using Asset Import Pipeline V2.
Refreshing native plugins compatible for Editor in 38.50 ms, found 2 plugins.
Preloading 0 native plugins for Editor in 0.00 ms.
Initialize engine version: 2020.3.19f1 (68f137dc9bbe)
[Subsystems] Discovering subsystems at path C:/Program Files/Unity/Hub/Editor/2020.3.19f1/Editor/Data/Resources/UnitySubsystems
[Subsystems] Discovering subsystems at path C:/Users/Usuario/Desktop/PROYECTO FINAL - ASSETS/Proyecto Final/Assets
GfxDevice: creating device client; threaded=0
Direct3D:
    Version:  Direct3D 11.0 [level 10.1]
    Renderer: NVIDIA GeForce GT 220  (ID=0xa20)
    Vendor:   
    VRAM:     972 MB
    Driver:   9.18.13.4174
Initialize mono
Mono path[0] = 'C:/Program Files/Unity/Hub/Editor/2020.3.19f1/Editor/Data/Managed'
Mono path[1] = 'C:/Program Files/Unity/Hub/Editor/2020.3.19f1/Editor/Data/MonoBleedingEdge/lib/mono/unityjit'
Mono config path = 'C:/Program Files/Unity/Hub/Editor/2020.3.19f1/Editor/Data/MonoBleedingEdge/etc'
Using monoOptions --debugger-agent=transport=dt_socket,embedding=1,server=y,suspend=n,address=127.0.0.1:56712
Begin MonoManager ReloadAssembly
Registering precompiled unity dll's ...
Register platform support module: C:/Program Files/Unity/Hub/Editor/2020.3.19f1/Editor/Data/PlaybackEngines/WindowsStandaloneSupport/UnityEditor.WindowsStandalone.Extensions.dll
Registered in 0.003594 seconds.
Native extension for WindowsStandalone target not found
Refreshing native plugins compatible for Editor in 34.36 ms, found 2 plugins.
Preloading 0 native plugins for Editor in 0.00 ms.
Mono: successfully reloaded assembly
- Completed reload, in  1.207 seconds
Domain Reload Profiling:
	ReloadAssembly (1207ms)
		BeginReloadAssembly (63ms)
			ExecutionOrderSort (0ms)
			DisableScriptedObjects (0ms)
			BackupInstance (0ms)
			ReleaseScriptingObjects (0ms)
			CreateAndSetChildDomain (1ms)
		EndReloadAssembly (434ms)
			LoadAssemblies (61ms)
			RebuildTransferFunctionScriptingTraits (0ms)
			SetupTypeCache (170ms)
			ReleaseScriptCaches (0ms)
			RebuildScriptCaches (31ms)
			SetupLoadedEditorAssemblies (161ms)
				LogAssemblyErrors (0ms)
				InitializePlatformSupportModulesInManaged (4ms)
				SetLoadedEditorAssemblies (0ms)
				RefreshPlugins (34ms)
				BeforeProcessingInitializeOnLoad (16ms)
				ProcessInitializeOnLoadAttributes (78ms)
				ProcessInitializeOnLoadMethodAttributes (28ms)
				AfterProcessingInitializeOnLoad (0ms)
				EditorAssembliesLoaded (0ms)
			ExecutionOrderSort2 (0ms)
			AwakeInstancesAfterBackupRestoration (0ms)
Platform modules already initialized, skipping
Registering precompiled user dll's ...
Registered in 0.004646 seconds.
Begin MonoManager ReloadAssembly
Native extension for WindowsStandalone target not found
Refreshing native plugins compatible for Editor in 0.44 ms, found 2 plugins.
Preloading 0 native plugins for Editor in 0.00 ms.
Mono: successfully reloaded assembly
- Completed reload, in  1.198 seconds
Domain Reload Profiling:
	ReloadAssembly (1199ms)
		BeginReloadAssembly (175ms)
			ExecutionOrderSort (0ms)
			DisableScriptedObjects (5ms)
			BackupInstance (0ms)
			ReleaseScriptingObjects (0ms)
			CreateAndSetChildDomain (35ms)
		EndReloadAssembly (955ms)
			LoadAssemblies (101ms)
			RebuildTransferFunctionScriptingTraits (0ms)
			SetupTypeCache (289ms)
			ReleaseScriptCaches (0ms)
			RebuildScriptCaches (46ms)
			SetupLoadedEditorAssemblies (437ms)
				LogAssemblyErrors (0ms)
				InitializePlatformSupportModulesInManaged (5ms)
				SetLoadedEditorAssemblies (0ms)
				RefreshPlugins (0ms)
				BeforeProcessingInitializeOnLoad (83ms)
				ProcessInitializeOnLoadAttributes (332ms)
				ProcessInitializeOnLoadMethodAttributes (4ms)
				AfterProcessingInitializeOnLoad (11ms)
				EditorAssembliesLoaded (0ms)
			ExecutionOrderSort2 (0ms)
			AwakeInstancesAfterBackupRestoration (6ms)
Platform modules already initialized, skipping
========================================================================
Worker process is ready to serve import requests
Launched and connected shader compiler UnityShaderCompiler.exe after 0.08 seconds
Refreshing native plugins compatible for Editor in 0.46 ms, found 2 plugins.
Preloading 0 native plugins for Editor in 0.00 ms.
Unloading 1553 Unused Serialized files (Serialized files now loaded: 0)
System memory in use before: 86.2 MB.
System memory in use after: 86.3 MB.

Unloading 18 unused Assets to reduce memory usage. Loaded Objects now: 2010.
Total: 3.256400 ms (FindLiveObjects: 0.137100 ms CreateObjectMapping: 0.055400 ms MarkObjects: 2.938400 ms  DeleteObjects: 0.124300 ms)

AssetImportParameters requested are different than current active one (requested -> active):
  custom:framework-win-MediaFoundation: 216162199b28c13a410421893ffa2e32 -> 
  custom:video-decoder-ogg-theora: a1e56fd34408186e4bbccfd4996cb3dc -> 
  custom:container-muxer-webm: aa71ff27fc2769a1b78a27578f13a17b -> 
  custom:container-demuxer-webm: 4f35f7cbe854078d1ac9338744f61a02 -> 
  custom:container-demuxer-ogg: 62fdf1f143b41e24485cea50d1cbac27 -> 
  custom:video-encoder-webm-vp8: eb34c28f22e8b96e1ab97ce403110664 -> 
  custom:video-decoder-webm-vp8: 9c59270c3fd7afecdb556c50c9e8de78 -> 
  custom:audio-decoder-ogg-vorbis: bf7c407c2cedff20999df2af8eb42d56 -> 
  custom:audio-encoder-webm-vorbis: bf7c407c2cedff20999df2af8eb42d56 -> 
========================================================================
Received Import Request.
  path: Assets/TerrainData_f707d746-3079-4173-baaf-669b898aa7b1.asset
  artifactKey: Guid(ae111895703f82248bc1eb442eee65e6) Importer(815301076,1909f56bfc062723c751e8b465ee728b)
Start importing Assets/TerrainData_f707d746-3079-4173-baaf-669b898aa7b1.asset using Guid(ae111895703f82248bc1eb442eee65e6) Importer(815301076,1909f56bfc062723c751e8b465ee728b)  -> (artifact id: '3e4a089e6e88446b23e5466cca625920') in 0.078967 seconds 
  Import took 0.081869 seconds .

========================================================================
Received Import Request.
  Time since last request: 0.883741 seconds.
  path: Assets/BRIDGE_LOW.obj
  artifactKey: Guid(6e1b490ebce4ec941aa334766ee7cb1d) Importer(815301076,1909f56bfc062723c751e8b465ee728b)
Start importing Assets/BRIDGE_LOW.obj using Guid(6e1b490ebce4ec941aa334766ee7cb1d) Importer(815301076,1909f56bfc062723c751e8b465ee728b)  -> (artifact id: '81d03607f9aa9a95a772e2abf8253aed') in 0.230254 seconds 
  Import took 0.234001 seconds .

========================================================================
Received Prepare
Registering precompiled user dll's ...
Registered in 0.004705 seconds.
Begin MonoManager ReloadAssembly
Native extension for WindowsStandalone target not found
Refreshing native plugins compatible for Editor in 0.48 ms, found 2 plugins.
Preloading 0 native plugins for Editor in 0.00 ms.
Mono: successfully reloaded assembly
- Completed reload, in  1.132 seconds
Domain Reload Profiling:
	ReloadAssembly (1133ms)
		BeginReloadAssembly (149ms)
			ExecutionOrderSort (0ms)
			DisableScriptedObjects (4ms)
			BackupInstance (0ms)
			ReleaseScriptingObjects (0ms)
			CreateAndSetChildDomain (52ms)
		EndReloadAssembly (914ms)
			LoadAssemblies (94ms)
			RebuildTransferFunctionScriptingTraits (0ms)
			SetupTypeCache (310ms)
			ReleaseScriptCaches (1ms)
			RebuildScriptCaches (59ms)
			SetupLoadedEditorAssemblies (347ms)
				LogAssemblyErrors (0ms)
				InitializePlatformSupportModulesInManaged (5ms)
				SetLoadedEditorAssemblies (0ms)
				RefreshPlugins (1ms)
				BeforeProcessingInitializeOnLoad (77ms)
				ProcessInitializeOnLoadAttributes (249ms)
				ProcessInitializeOnLoadMethodAttributes (4ms)
				AfterProcessingInitializeOnLoad (10ms)
				EditorAssembliesLoaded (0ms)
			ExecutionOrderSort2 (0ms)
			AwakeInstancesAfterBackupRestoration (7ms)
Platform modules already initialized, skipping
Refreshing native plugins compatible for Editor in 0.47 ms, found 2 plugins.
Preloading 0 native plugins for Editor in 0.00 ms.
Unloading 1543 Unused Serialized files (Serialized files now loaded: 0)
System memory in use before: 89.1 MB.
System memory in use after: 89.2 MB.

Unloading 13 unused Assets to reduce memory usage. Loaded Objects now: 2056.
Total: 3.360400 ms (FindLiveObjects: 0.175400 ms CreateObjectMapping: 0.099400 ms MarkObjects: 3.006400 ms  DeleteObjects: 0.077800 ms)

AssetImportParameters requested are different than current active one (requested -> active):
  custom:framework-win-MediaFoundation: 216162199b28c13a410421893ffa2e32 -> 
  custom:video-decoder-ogg-theora: a1e56fd34408186e4bbccfd4996cb3dc -> 
  custom:container-muxer-webm: aa71ff27fc2769a1b78a27578f13a17b -> 
  custom:container-demuxer-webm: 4f35f7cbe854078d1ac9338744f61a02 -> 
  custom:container-demuxer-ogg: 62fdf1f143b41e24485cea50d1cbac27 -> 
  custom:video-encoder-webm-vp8: eb34c28f22e8b96e1ab97ce403110664 -> 
  custom:video-decoder-webm-vp8: 9c59270c3fd7afecdb556c50c9e8de78 -> 
  custom:audio-decoder-ogg-vorbis: bf7c407c2cedff20999df2af8eb42d56 -> 
  custom:audio-encoder-webm-vorbis: bf7c407c2cedff20999df2af8eb42d56 -> 
========================================================================
Received Import Request.
  Time since last request: 770.744893 seconds.
  path: Assets/Prefabs
  artifactKey: Guid(abae2e772fd0db046991bdd1325a3dd8) Importer(815301076,1909f56bfc062723c751e8b465ee728b)
Start importing Assets/Prefabs using Guid(abae2e772fd0db046991bdd1325a3dd8) Importer(815301076,1909f56bfc062723c751e8b465ee728b)  -> (artifact id: '5c851eaf61adde08cca558af317912cb') in 0.010280 seconds 
  Import took 0.013987 seconds .

========================================================================
Received Import Request.
  Time since last request: 14.606837 seconds.
  path: Assets/Models
  artifactKey: Guid(fb10dc9a7850af64287ec50fd5c6fe29) Importer(815301076,1909f56bfc062723c751e8b465ee728b)
Start importing Assets/Models using Guid(fb10dc9a7850af64287ec50fd5c6fe29) Importer(815301076,1909f56bfc062723c751e8b465ee728b)  -> (artifact id: '76398b370a3b8b33cfd013ecd8df5a0a') in 0.007503 seconds 
  Import took 0.010792 seconds .

========================================================================
Received Import Request.
  Time since last request: 18.496984 seconds.
  path: Assets/Textures
  artifactKey: Guid(eb610eed160cee44abc9344abac49478) Importer(815301076,1909f56bfc062723c751e8b465ee728b)
Start importing Assets/Textures using Guid(eb610eed160cee44abc9344abac49478) Importer(815301076,1909f56bfc062723c751e8b465ee728b)  -> (artifact id: '1446c52d842063b544cfe539b1d5af53') in 0.007162 seconds 
  Import took 0.010384 seconds .

========================================================================
Received Import Request.
  Time since last request: 5.130767 seconds.
  path: Assets/SimpleNaturePack
  artifactKey: Guid(c50d79d6bcc8beb47a9e6cf9ca58baaf) Importer(815301076,1909f56bfc062723c751e8b465ee728b)
Start importing Assets/SimpleNaturePack using Guid(c50d79d6bcc8beb47a9e6cf9ca58baaf) Importer(815301076,1909f56bfc062723c751e8b465ee728b)  -> (artifact id: '40c9e9f902ceb5ef2a583d4ecb884d8c') in 0.008041 seconds 
  Import took 0.011647 seconds .

========================================================================
Received Import Request.
  Time since last request: 3.102660 seconds.
  path: Assets/Colors
  artifactKey: Guid(c9459d54d2af36d4c81f60a30f07c28e) Importer(815301076,1909f56bfc062723c751e8b465ee728b)
Start importing Assets/Colors using Guid(c9459d54d2af36d4c81f60a30f07c28e) Importer(815301076,1909f56bfc062723c751e8b465ee728b)  -> (artifact id: '343b4f37a0427d425dd91818d8309df3') in 0.007351 seconds 
  Import took 0.010427 seconds .

========================================================================
Received Import Request.
  Time since last request: 9.119591 seconds.
  path: Assets/BrokenVector
  artifactKey: Guid(1388fc5daaa8f2d4098258891168c50d) Importer(815301076,1909f56bfc062723c751e8b465ee728b)
Start importing Assets/BrokenVector using Guid(1388fc5daaa8f2d4098258891168c50d) Importer(815301076,1909f56bfc062723c751e8b465ee728b)  -> (artifact id: 'bc2ff025a0d01a25b1a267a59f866ad0') in 0.007722 seconds 
  Import took 0.011111 seconds .

========================================================================
Received Import Request.
  Time since last request: 21.666165 seconds.
  path: Assets/castle_assets_package/Prefabs/models
  artifactKey: Guid(bf8732eb1c390f346b0623fb81a54f82) Importer(815301076,1909f56bfc062723c751e8b465ee728b)
Start importing Assets/castle_assets_package/Prefabs/models using Guid(bf8732eb1c390f346b0623fb81a54f82) Importer(815301076,1909f56bfc062723c751e8b465ee728b)  -> (artifact id: 'eeaf695876ca55ae9686d58b4696f206') in 0.008902 seconds 
  Import took 0.012529 seconds .

========================================================================
Received Import Request.
  Time since last request: 0.196674 seconds.
  path: Assets/castle_assets_package/Prefabs/models/Barrel.fbx
  artifactKey: Guid(46754e4d22f24724fb99a484dae32841) Importer(815301076,1909f56bfc062723c751e8b465ee728b)
Start importing Assets/castle_assets_package/Prefabs/models/Barrel.fbx using Guid(46754e4d22f24724fb99a484dae32841) Importer(815301076,1909f56bfc062723c751e8b465ee728b)  -> (artifact id: '23b8064db0aafd9491b7d8e16d65ddd9') in 0.220095 seconds 
  Import took 0.224229 seconds .

========================================================================
Received Import Request.
  Time since last request: 0.000360 seconds.
  path: Assets/castle_assets_package/Prefabs/models/wall_break1.fbx
  artifactKey: Guid(1847d0a4021d8d548a57dc025d560143) Importer(815301076,1909f56bfc062723c751e8b465ee728b)
Start importing Assets/castle_assets_package/Prefabs/models/wall_break1.fbx using Guid(1847d0a4021d8d548a57dc025d560143) Importer(815301076,1909f56bfc062723c751e8b465ee728b)  -> (artifact id: '19c64d259319a26735ca6b5754ef3bec') in 0.398606 seconds 
  Import took 0.406834 seconds .

========================================================================
Received Import Request.
  Time since last request: 0.000809 seconds.
  path: Assets/castle_assets_package/Prefabs/models/Gate.fbx
  artifactKey: Guid(f0ec8a00e025fef4a8414ca0daeebbc7) Importer(815301076,1909f56bfc062723c751e8b465ee728b)
Start importing Assets/castle_assets_package/Prefabs/models/Gate.fbx using Guid(f0ec8a00e025fef4a8414ca0daeebbc7) Importer(815301076,1909f56bfc062723c751e8b465ee728b)  -> (artifact id: '7fe5dcdf9b738287602babf196586f01') in 0.328053 seconds 
  Import took 0.335357 seconds .

========================================================================
Received Import Request.
  Time since last request: 0.000236 seconds.
  path: Assets/castle_assets_package/Prefabs/models/Floor_gummy.fbx
  artifactKey: Guid(a15798357915a7d4888764c1f9afeaf3) Importer(815301076,1909f56bfc062723c751e8b465ee728b)
Start importing Assets/castle_assets_package/Prefabs/models/Floor_gummy.fbx using Guid(a15798357915a7d4888764c1f9afeaf3) Importer(815301076,1909f56bfc062723c751e8b465ee728b)  -> (artifact id: '0e0d7d4a14b116064ecd5afaca58802c') in 0.196204 seconds 
  Import took 0.206114 seconds .

========================================================================
Received Import Request.
  Time since last request: 0.000254 seconds.
  path: Assets/castle_assets_package/Prefabs/models/Bridge.fbx
  artifactKey: Guid(87f08dbc924a3db408ff54ba4dc43b27) Importer(815301076,1909f56bfc062723c751e8b465ee728b)
Start importing Assets/castle_assets_package/Prefabs/models/Bridge.fbx using Guid(87f08dbc924a3db408ff54ba4dc43b27) Importer(815301076,1909f56bfc062723c751e8b465ee728b)  -> (artifact id: '0bd748efd009fe8fc7d6138242b1dd27') in 0.163582 seconds 
  Import took 0.166725 seconds .

========================================================================
Received Import Request.
  Time since last request: 0.000237 seconds.
  path: Assets/castle_assets_package/Prefabs/models/Floor_spikes.fbx
  artifactKey: Guid(3169cb951ef76d045b96fdaffd304f9a) Importer(815301076,1909f56bfc062723c751e8b465ee728b)
Start importing Assets/castle_assets_package/Prefabs/models/Floor_spikes.fbx using Guid(3169cb951ef76d045b96fdaffd304f9a) Importer(815301076,1909f56bfc062723c751e8b465ee728b)  -> (artifact id: 'd5a25b40b2827086dfcdf3061c25d390') in 0.243635 seconds 
  Import took 0.247092 seconds .

========================================================================
Received Import Request.
  Time since last request: 0.000249 seconds.
  path: Assets/castle_assets_package/Prefabs/models/Wall_break2.fbx
  artifactKey: Guid(af2216e9d33d4694cb9de550c2c1b54b) Importer(815301076,1909f56bfc062723c751e8b465ee728b)
Start importing Assets/castle_assets_package/Prefabs/models/Wall_break2.fbx using Guid(af2216e9d33d4694cb9de550c2c1b54b) Importer(815301076,1909f56bfc062723c751e8b465ee728b)  -> (artifact id: '94f08cb231d3ce99534085fc2e10402d') in 0.316411 seconds 
  Import took 0.322380 seconds .

========================================================================
Received Import Request.
  Time since last request: 0.000562 seconds.
  path: Assets/castle_assets_package/Prefabs/models/Floor_simple.fbx
  artifactKey: Guid(0d8690eb5f25a844b83aaeb6cd1d276f) Importer(815301076,1909f56bfc062723c751e8b465ee728b)
Start importing Assets/castle_assets_package/Prefabs/models/Floor_simple.fbx using Guid(0d8690eb5f25a844b83aaeb6cd1d276f) Importer(815301076,1909f56bfc062723c751e8b465ee728b)  -> (artifact id: '734aed3b90678043a1b6fc1b996c3eaf') in 0.243020 seconds 
  Import took 0.260554 seconds .

========================================================================
Received Import Request.
  Time since last request: 0.000444 seconds.
  path: Assets/castle_assets_package/Prefabs/models/Wall.fbx
  artifactKey: Guid(183a71d3ecf3f40448b46f8110cd74e0) Importer(815301076,1909f56bfc062723c751e8b465ee728b)
Start importing Assets/castle_assets_package/Prefabs/models/Wall.fbx using Guid(183a71d3ecf3f40448b46f8110cd74e0) Importer(815301076,1909f56bfc062723c751e8b465ee728b)  -> (artifact id: 'f58e1e90d7d6b26c2943f2c532bd1914') in 0.186902 seconds 
  Import took 0.192386 seconds .

========================================================================
Received Import Request.
  Time since last request: 0.000454 seconds.
  path: Assets/castle_assets_package/Prefabs/models/Lamp.fbx
  artifactKey: Guid(154772f5a46da254f84cef0de9c2063e) Importer(815301076,1909f56bfc062723c751e8b465ee728b)
Start importing Assets/castle_assets_package/Prefabs/models/Lamp.fbx using Guid(154772f5a46da254f84cef0de9c2063e) Importer(815301076,1909f56bfc062723c751e8b465ee728b)  -> (artifact id: 'f117de61373f55827569daddbb095ae9') in 0.182467 seconds 
  Import took 0.186870 seconds .

========================================================================
Received Import Request.
  Time since last request: 0.000284 seconds.
  path: Assets/castle_assets_package/Prefabs/models/Window.fbx
  artifactKey: Guid(16f4630291deec645ba838e257e95db1) Importer(815301076,1909f56bfc062723c751e8b465ee728b)
Start importing Assets/castle_assets_package/Prefabs/models/Window.fbx using Guid(16f4630291deec645ba838e257e95db1) Importer(815301076,1909f56bfc062723c751e8b465ee728b)  -> (artifact id: '617070676f9a7b21a5149ae01494cbe2') in 0.316695 seconds 
  Import took 0.328480 seconds .

========================================================================
Received Import Request.
  Time since last request: 0.000285 seconds.
  path: Assets/castle_assets_package/Prefabs/models/Wall_break3.fbx
  artifactKey: Guid(133f0c556400f7547b015c3a30c53e22) Importer(815301076,1909f56bfc062723c751e8b465ee728b)
Start importing Assets/castle_assets_package/Prefabs/models/Wall_break3.fbx using Guid(133f0c556400f7547b015c3a30c53e22) Importer(815301076,1909f56bfc062723c751e8b465ee728b)  -> (artifact id: 'b2d7f4c0799e49cf55e5b31c7510b49f') in 0.355751 seconds 
  Import took 0.362707 seconds .

========================================================================
Received Import Request.
  Time since last request: 0.000695 seconds.
  path: Assets/castle_assets_package/Prefabs/models/Column.fbx
  artifactKey: Guid(c4803d7e4dfccd94b955572c38000caf) Importer(815301076,1909f56bfc062723c751e8b465ee728b)
Start importing Assets/castle_assets_package/Prefabs/models/Column.fbx using Guid(c4803d7e4dfccd94b955572c38000caf) Importer(815301076,1909f56bfc062723c751e8b465ee728b)  -> (artifact id: '0ee1c5b118073c47f206ce0a274395d8') in 0.162111 seconds 
  Import took 0.170710 seconds .

========================================================================
Received Import Request.
  Time since last request: 0.000429 seconds.
  path: Assets/castle_assets_package/Prefabs/models/Sign.fbx
  artifactKey: Guid(cf4582ed4de0c524a8369d2ee3b0896e) Importer(815301076,1909f56bfc062723c751e8b465ee728b)
Start importing Assets/castle_assets_package/Prefabs/models/Sign.fbx using Guid(cf4582ed4de0c524a8369d2ee3b0896e) Importer(815301076,1909f56bfc062723c751e8b465ee728b)  -> (artifact id: '377abd820f198850775ddde25982321d') in 0.323042 seconds 
  Import took 0.328188 seconds .

========================================================================
Received Import Request.
  Time since last request: 15.074568 seconds.
  path: Assets/Kevin Iglesias/3DCharacterDummy/Materials/DummyMaterial.mat
  artifactKey: Guid(75f6f11c806810340800c866dba8155b) Importer(815301076,1909f56bfc062723c751e8b465ee728b)
Start importing Assets/Kevin Iglesias/3DCharacterDummy/Materials/DummyMaterial.mat using Guid(75f6f11c806810340800c866dba8155b) Importer(815301076,1909f56bfc062723c751e8b465ee728b)  -> (artifact id: 'f7faf98792d0a34851bb2306c0af8687') in 0.219501 seconds 
  Import took 0.224013 seconds .

========================================================================
Received Import Request.
  Time since last request: 0.000405 seconds.
  path: Assets/Kevin Iglesias/3DCharacterDummy/Materials/FloorMaterial.mat
  artifactKey: Guid(6f0ed2219ff129a43a45732c39e4918a) Importer(815301076,1909f56bfc062723c751e8b465ee728b)
Start importing Assets/Kevin Iglesias/3DCharacterDummy/Materials/FloorMaterial.mat using Guid(6f0ed2219ff129a43a45732c39e4918a) Importer(815301076,1909f56bfc062723c751e8b465ee728b)  -> (artifact id: '9ee6ffddadd9be9f10b718e84b755df7') in 0.071996 seconds 
  Import took 0.076103 seconds .

========================================================================
Received Import Request.
  Time since last request: 0.279360 seconds.
  path: Assets/Kevin Iglesias/3DCharacterDummy/Models/FemaleDummy.fbx
  artifactKey: Guid(7144acb9459793743bd1b60b10fe0d30) Importer(815301076,1909f56bfc062723c751e8b465ee728b)
Start importing Assets/Kevin Iglesias/3DCharacterDummy/Models/FemaleDummy.fbx using Guid(7144acb9459793743bd1b60b10fe0d30) Importer(815301076,1909f56bfc062723c751e8b465ee728b)  -> (artifact id: '405549a5f5199e7c5664fc815d6d3fd8') in 0.135551 seconds 
  Import took 0.142979 seconds .

========================================================================
Received Import Request.
  Time since last request: 0.000333 seconds.
  path: Assets/Kevin Iglesias/3DCharacterDummy/Models/MaleDummy.fbx
  artifactKey: Guid(317a56890b5c8e74ab1d492a2c7fb608) Importer(815301076,1909f56bfc062723c751e8b465ee728b)
Start importing Assets/Kevin Iglesias/3DCharacterDummy/Models/MaleDummy.fbx using Guid(317a56890b5c8e74ab1d492a2c7fb608) Importer(815301076,1909f56bfc062723c751e8b465ee728b)  -> (artifact id: '02f10e3e67138a5125b1d99d5edfd0b5') in 0.269183 seconds 
  Import took 0.274381 seconds .

========================================================================
Received Import Request.
  Time since last request: 0.381868 seconds.
  path: Assets/Kevin Iglesias/3DCharacterDummy/Prefabs/FemaleDummy.prefab
  artifactKey: Guid(ef692d625a130534ab152b65fe91a77b) Importer(815301076,1909f56bfc062723c751e8b465ee728b)
Start importing Assets/Kevin Iglesias/3DCharacterDummy/Prefabs/FemaleDummy.prefab using Guid(ef692d625a130534ab152b65fe91a77b) Importer(815301076,1909f56bfc062723c751e8b465ee728b)  -> (artifact id: '132fa2b53efce21095789633df7855da') in 0.037831 seconds 
  Import took 0.041804 seconds .

========================================================================
Received Import Request.
  Time since last request: 0.000322 seconds.
  path: Assets/Kevin Iglesias/3DCharacterDummy/Prefabs/MaleDummy.prefab
  artifactKey: Guid(34115fd4eff069845a47d22ce756724e) Importer(815301076,1909f56bfc062723c751e8b465ee728b)
Start importing Assets/Kevin Iglesias/3DCharacterDummy/Prefabs/MaleDummy.prefab using Guid(34115fd4eff069845a47d22ce756724e) Importer(815301076,1909f56bfc062723c751e8b465ee728b)  -> (artifact id: 'c7cd162e5dcafef20b39824a3d2bd31a') in 0.048081 seconds 
  Import took 0.050956 seconds .

========================================================================
Received Import Request.
  Time since last request: 9.160199 seconds.
  path: Assets/Kevin Iglesias/3DCharacterDummy/Textures/DummyTexture.png
  artifactKey: Guid(0c78f3bc217d9b24a9c1d10479de2940) Importer(815301076,1909f56bfc062723c751e8b465ee728b)
Start importing Assets/Kevin Iglesias/3DCharacterDummy/Textures/DummyTexture.png using Guid(0c78f3bc217d9b24a9c1d10479de2940) Importer(815301076,1909f56bfc062723c751e8b465ee728b)  -> (artifact id: '3cb8efe5d1d81416c057674f316bc88b') in 0.041826 seconds 
  Import took 0.044856 seconds .

========================================================================
Received Import Request.
  Time since last request: 14.770210 seconds.
  path: Assets/Kevin Iglesias/Basic Motions/Materials/BasicMotionsFloor.mat
  artifactKey: Guid(02490f38574ec9541a91585b214de9f6) Importer(815301076,1909f56bfc062723c751e8b465ee728b)
Start importing Assets/Kevin Iglesias/Basic Motions/Materials/BasicMotionsFloor.mat using Guid(02490f38574ec9541a91585b214de9f6) Importer(815301076,1909f56bfc062723c751e8b465ee728b)  -> (artifact id: '190333b16238bfaa1fe9e1031cd434cb') in 0.026079 seconds 
  Import took 0.029164 seconds .

========================================================================
Received Import Request.
  Time since last request: 0.000237 seconds.
  path: Assets/Kevin Iglesias/Basic Motions/Materials/BasicMotionsMaterial.mat
  artifactKey: Guid(ccc50d631d14df84a982c4f4acd00013) Importer(815301076,1909f56bfc062723c751e8b465ee728b)
Start importing Assets/Kevin Iglesias/Basic Motions/Materials/BasicMotionsMaterial.mat using Guid(ccc50d631d14df84a982c4f4acd00013) Importer(815301076,1909f56bfc062723c751e8b465ee728b)  -> (artifact id: '874d0523420dfef274515930387bdd83') in 0.177718 seconds 
  Import took 0.182001 seconds .

========================================================================
Received Import Request.
  Time since last request: 0.311040 seconds.
  path: Assets/Kevin Iglesias/Basic Motions/Models/BasicMotionsDummyModel.fbx
  artifactKey: Guid(5917c0e93d180a842b61d1ebc62a195c) Importer(815301076,1909f56bfc062723c751e8b465ee728b)
Start importing Assets/Kevin Iglesias/Basic Motions/Models/BasicMotionsDummyModel.fbx using Guid(5917c0e93d180a842b61d1ebc62a195c) Importer(815301076,1909f56bfc062723c751e8b465ee728b)  -> (artifact id: '15c6d2a78872093dfe27aeb92452e11c') in 0.137522 seconds 
  Import took 0.143078 seconds .

========================================================================
Received Import Request.
  Time since last request: 0.686307 seconds.
  path: Assets/Kevin Iglesias/Basic Motions/Prefabs/BasicMotionsDummy.prefab
  artifactKey: Guid(d6d06c887a1aae94f8c6e8cc2c0c557b) Importer(815301076,1909f56bfc062723c751e8b465ee728b)
Start importing Assets/Kevin Iglesias/Basic Motions/Prefabs/BasicMotionsDummy.prefab using Guid(d6d06c887a1aae94f8c6e8cc2c0c557b) Importer(815301076,1909f56bfc062723c751e8b465ee728b)  -> (artifact id: '361dd71782ea4654d65d210ef2f11d2f') in 0.039928 seconds 
  Import took 0.043465 seconds .

========================================================================
Received Import Request.
  Time since last request: 3.371037 seconds.
  path: Assets/Kevin Iglesias/Basic Motions/Textures/BasicMotionsTexture.png
  artifactKey: Guid(fad9765a35536374695ea4ff22aca373) Importer(815301076,1909f56bfc062723c751e8b465ee728b)
Start importing Assets/Kevin Iglesias/Basic Motions/Textures/BasicMotionsTexture.png using Guid(fad9765a35536374695ea4ff22aca373) Importer(815301076,1909f56bfc062723c751e8b465ee728b)  -> (artifact id: '988e36a00f728508a76f2d9e5193ad44') in 0.012349 seconds 
  Import took 0.015812 seconds .

========================================================================
Received Import Request.
  Time since last request: 16.991257 seconds.
  path: Assets/Scenes/SampleScene.unity
  artifactKey: Guid(9fc0d4010bbf28b4594072e72b8655ab) Importer(815301076,1909f56bfc062723c751e8b465ee728b)
Start importing Assets/Scenes/SampleScene.unity using Guid(9fc0d4010bbf28b4594072e72b8655ab) Importer(815301076,1909f56bfc062723c751e8b465ee728b)  -> (artifact id: '566263d5f1d77d9281ce49f96d2e2f12') in 0.008448 seconds 
  Import took 0.038917 seconds .

========================================================================
Received Import Request.
  Time since last request: 16.976375 seconds.
  path: Assets/Scenes/Mundo.unity
  artifactKey: Guid(9fc0d4010bbf28b4594072e72b8655ab) Importer(815301076,1909f56bfc062723c751e8b465ee728b)
Start importing Assets/Scenes/Mundo.unity using Guid(9fc0d4010bbf28b4594072e72b8655ab) Importer(815301076,1909f56bfc062723c751e8b465ee728b)  -> (artifact id: 'fbe72f021f56e690123cd807510bb589') in 0.007755 seconds 
  Import took 0.011416 seconds .

========================================================================
Received Import Request.
  Time since last request: 2.676577 seconds.
  path: Assets/Scenes/Mundo.unity
  artifactKey: Guid(9fc0d4010bbf28b4594072e72b8655ab) Importer(815301076,1909f56bfc062723c751e8b465ee728b)
Start importing Assets/Scenes/Mundo.unity using Guid(9fc0d4010bbf28b4594072e72b8655ab) Importer(815301076,1909f56bfc062723c751e8b465ee728b)  -> (artifact id: 'cfb9299cd8c8daf1f04e6af97ade2939') in 0.003016 seconds 
  Import took 0.006200 seconds .

========================================================================
Received Import Request.
  Time since last request: 9.183144 seconds.
  path: Assets/Scenes/World.unity
  artifactKey: Guid(9fc0d4010bbf28b4594072e72b8655ab) Importer(815301076,1909f56bfc062723c751e8b465ee728b)
Start importing Assets/Scenes/World.unity using Guid(9fc0d4010bbf28b4594072e72b8655ab) Importer(815301076,1909f56bfc062723c751e8b465ee728b)  -> (artifact id: '1a57d42dd5af01ae2f9f1c8b0b065e77') in 0.009491 seconds 
  Import took 0.013019 seconds .

========================================================================
Received Prepare
Registering precompiled user dll's ...
Registered in 0.004848 seconds.
Begin MonoManager ReloadAssembly
Native extension for WindowsStandalone target not found
Refreshing native plugins compatible for Editor in 1.16 ms, found 2 plugins.
Preloading 0 native plugins for Editor in 0.00 ms.
Mono: successfully reloaded assembly
- Completed reload, in  1.155 seconds
Domain Reload Profiling:
	ReloadAssembly (1156ms)
		BeginReloadAssembly (132ms)
			ExecutionOrderSort (0ms)
			DisableScriptedObjects (4ms)
			BackupInstance (0ms)
			ReleaseScriptingObjects (0ms)
			CreateAndSetChildDomain (38ms)
		EndReloadAssembly (949ms)
			LoadAssemblies (101ms)
			RebuildTransferFunctionScriptingTraits (0ms)
			SetupTypeCache (316ms)
			ReleaseScriptCaches (1ms)
			RebuildScriptCaches (59ms)
			SetupLoadedEditorAssemblies (356ms)
				LogAssemblyErrors (0ms)
				InitializePlatformSupportModulesInManaged (6ms)
				SetLoadedEditorAssemblies (1ms)
				RefreshPlugins (1ms)
				BeforeProcessingInitializeOnLoad (85ms)
				ProcessInitializeOnLoadAttributes (249ms)
				ProcessInitializeOnLoadMethodAttributes (4ms)
				AfterProcessingInitializeOnLoad (10ms)
				EditorAssembliesLoaded (0ms)
			ExecutionOrderSort2 (0ms)
			AwakeInstancesAfterBackupRestoration (7ms)
Platform modules already initialized, skipping
Refreshing native plugins compatible for Editor in 0.71 ms, found 2 plugins.
Preloading 0 native plugins for Editor in 0.00 ms.
Unloading 1543 Unused Serialized files (Serialized files now loaded: 0)
System memory in use before: 89.6 MB.
System memory in use after: 89.7 MB.

Unloading 14 unused Assets to reduce memory usage. Loaded Objects now: 2059.
Total: 3.800400 ms (FindLiveObjects: 0.323100 ms CreateObjectMapping: 0.169700 ms MarkObjects: 3.222700 ms  DeleteObjects: 0.083400 ms)

AssetImportParameters requested are different than current active one (requested -> active):
  custom:framework-win-MediaFoundation: 216162199b28c13a410421893ffa2e32 -> 
  custom:video-decoder-ogg-theora: a1e56fd34408186e4bbccfd4996cb3dc -> 
  custom:container-muxer-webm: aa71ff27fc2769a1b78a27578f13a17b -> 
  custom:container-demuxer-webm: 4f35f7cbe854078d1ac9338744f61a02 -> 
  custom:container-demuxer-ogg: 62fdf1f143b41e24485cea50d1cbac27 -> 
  custom:video-encoder-webm-vp8: eb34c28f22e8b96e1ab97ce403110664 -> 
  custom:video-decoder-webm-vp8: 9c59270c3fd7afecdb556c50c9e8de78 -> 
  custom:audio-decoder-ogg-vorbis: bf7c407c2cedff20999df2af8eb42d56 -> 
  custom:audio-encoder-webm-vorbis: bf7c407c2cedff20999df2af8eb42d56 -> 
========================================================================
Received Import Request.
  Time since last request: 983.255535 seconds.
  path: Assets/BrokenVector/LowPolyFencePack/Materials
  artifactKey: Guid(12376baf0562e694b9d8a1be4b41840e) Importer(815301076,1909f56bfc062723c751e8b465ee728b)
Start importing Assets/BrokenVector/LowPolyFencePack/Materials using Guid(12376baf0562e694b9d8a1be4b41840e) Importer(815301076,1909f56bfc062723c751e8b465ee728b)  -> (artifact id: '5859271b0d4bdaf6839055a9b71a4536') in 0.011300 seconds 
  Import took 0.031618 seconds .

========================================================================
Received Import Request.
  Time since last request: 0.077893 seconds.
  path: Assets/BrokenVector/LowPolyFencePack/Materials/Brown Wood.mat
  artifactKey: Guid(1fc121be3f680634fbb8cab1fa2d47c8) Importer(815301076,1909f56bfc062723c751e8b465ee728b)
Start importing Assets/BrokenVector/LowPolyFencePack/Materials/Brown Wood.mat using Guid(1fc121be3f680634fbb8cab1fa2d47c8) Importer(815301076,1909f56bfc062723c751e8b465ee728b)  -> (artifact id: 'd9c0e9685432d2d68f264234ea081ff4') in 0.153746 seconds 
  Import took 0.159581 seconds .

========================================================================
Received Import Request.
  Time since last request: 0.000375 seconds.
  path: Assets/BrokenVector/LowPolyFencePack/Materials/Red Wood.mat
  artifactKey: Guid(6c7da534adf849442ab00c554ac221d1) Importer(815301076,1909f56bfc062723c751e8b465ee728b)
Start importing Assets/BrokenVector/LowPolyFencePack/Materials/Red Wood.mat using Guid(6c7da534adf849442ab00c554ac221d1) Importer(815301076,1909f56bfc062723c751e8b465ee728b)  -> (artifact id: '6491d12738b973d4e1640000371f27e7') in 0.061806 seconds 
  Import took 0.082135 seconds .

========================================================================
Received Import Request.
  Time since last request: 0.000549 seconds.
  path: Assets/BrokenVector/LowPolyFencePack/Materials/Yellow Wood.mat
  artifactKey: Guid(ec2b0ecd91bd412439a8bab0d5f8a62d) Importer(815301076,1909f56bfc062723c751e8b465ee728b)
Start importing Assets/BrokenVector/LowPolyFencePack/Materials/Yellow Wood.mat using Guid(ec2b0ecd91bd412439a8bab0d5f8a62d) Importer(815301076,1909f56bfc062723c751e8b465ee728b)  -> (artifact id: 'ef4c8d4d443f453df22e9c6b2e2f6a5c') in 0.076420 seconds 
  Import took 0.081492 seconds .

========================================================================
Received Import Request.
  Time since last request: 18.575757 seconds.
  path: Assets/BrokenVector/LowPolyFencePack/Materials/Occlusion/Occlusion Wood.png
  artifactKey: Guid(e6b815121a9ab9042a015f0766222deb) Importer(815301076,1909f56bfc062723c751e8b465ee728b)
Start importing Assets/BrokenVector/LowPolyFencePack/Materials/Occlusion/Occlusion Wood.png using Guid(e6b815121a9ab9042a015f0766222deb) Importer(815301076,1909f56bfc062723c751e8b465ee728b)  -> (artifact id: '4e27b2544074b21fd1032f4d0ea80901') in 0.018441 seconds 
  Import took 0.021750 seconds .

========================================================================
Received Import Request.
  Time since last request: 0.658526 seconds.
  path: Assets/BrokenVector/LowPolyFencePack/Materials/Colorsheets/Colorsheet Wood Brown.png
  artifactKey: Guid(d63761f76a7a53b43b47dd37908310e3) Importer(815301076,1909f56bfc062723c751e8b465ee728b)
Start importing Assets/BrokenVector/LowPolyFencePack/Materials/Colorsheets/Colorsheet Wood Brown.png using Guid(d63761f76a7a53b43b47dd37908310e3) Importer(815301076,1909f56bfc062723c751e8b465ee728b)  -> (artifact id: '4c93457e3a698f13533456f1deaa2c01') in 0.011726 seconds 
  Import took 0.014899 seconds .

========================================================================
Received Import Request.
  Time since last request: 0.000227 seconds.
  path: Assets/BrokenVector/LowPolyFencePack/Materials/Colorsheets/Colorsheet Wood Red.png
  artifactKey: Guid(ca19cfe9276d1af45a186e87e77f0d18) Importer(815301076,1909f56bfc062723c751e8b465ee728b)
Start importing Assets/BrokenVector/LowPolyFencePack/Materials/Colorsheets/Colorsheet Wood Red.png using Guid(ca19cfe9276d1af45a186e87e77f0d18) Importer(815301076,1909f56bfc062723c751e8b465ee728b)  -> (artifact id: '62d917a5f5156c540565e4c9fc702ffd') in 0.030043 seconds 
  Import took 0.032944 seconds .

========================================================================
Received Import Request.
  Time since last request: 0.000241 seconds.
  path: Assets/BrokenVector/LowPolyFencePack/Materials/Colorsheets/Colorsheet Wood Yellow.png
  artifactKey: Guid(ab4f5d749d277bf4b97c8e86f257ee9c) Importer(815301076,1909f56bfc062723c751e8b465ee728b)
Start importing Assets/BrokenVector/LowPolyFencePack/Materials/Colorsheets/Colorsheet Wood Yellow.png using Guid(ab4f5d749d277bf4b97c8e86f257ee9c) Importer(815301076,1909f56bfc062723c751e8b465ee728b)  -> (artifact id: '023422f326418780c89973efe110f6bc') in 0.012398 seconds 
  Import took 0.015520 seconds .

========================================================================
Received Prepare
Registering precompiled user dll's ...
Registered in 0.006270 seconds.
Begin MonoManager ReloadAssembly
Native extension for WindowsStandalone target not found
Refreshing native plugins compatible for Editor in 0.44 ms, found 2 plugins.
Preloading 0 native plugins for Editor in 0.00 ms.
Mono: successfully reloaded assembly
- Completed reload, in  1.246 seconds
Domain Reload Profiling:
	ReloadAssembly (1246ms)
		BeginReloadAssembly (124ms)
			ExecutionOrderSort (0ms)
			DisableScriptedObjects (4ms)
			BackupInstance (0ms)
			ReleaseScriptingObjects (0ms)
			CreateAndSetChildDomain (42ms)
		EndReloadAssembly (1053ms)
			LoadAssemblies (149ms)
			RebuildTransferFunctionScriptingTraits (0ms)
			SetupTypeCache (375ms)
			ReleaseScriptCaches (1ms)
			RebuildScriptCaches (45ms)
			SetupLoadedEditorAssemblies (355ms)
				LogAssemblyErrors (0ms)
				InitializePlatformSupportModulesInManaged (5ms)
				SetLoadedEditorAssemblies (0ms)
				RefreshPlugins (0ms)
				BeforeProcessingInitializeOnLoad (80ms)
				ProcessInitializeOnLoadAttributes (255ms)
				ProcessInitializeOnLoadMethodAttributes (4ms)
				AfterProcessingInitializeOnLoad (10ms)
				EditorAssembliesLoaded (0ms)
			ExecutionOrderSort2 (0ms)
			AwakeInstancesAfterBackupRestoration (6ms)
Platform modules already initialized, skipping
Refreshing native plugins compatible for Editor in 0.62 ms, found 2 plugins.
Preloading 0 native plugins for Editor in 0.00 ms.
Unloading 1543 Unused Serialized files (Serialized files now loaded: 0)
System memory in use before: 89.6 MB.
System memory in use after: 89.7 MB.

Unloading 13 unused Assets to reduce memory usage. Loaded Objects now: 2063.
Total: 2.891200 ms (FindLiveObjects: 0.163400 ms CreateObjectMapping: 0.054400 ms MarkObjects: 2.601700 ms  DeleteObjects: 0.070500 ms)

AssetImportParameters requested are different than current active one (requested -> active):
  custom:framework-win-MediaFoundation: 216162199b28c13a410421893ffa2e32 -> 
  custom:video-decoder-ogg-theora: a1e56fd34408186e4bbccfd4996cb3dc -> 
  custom:container-muxer-webm: aa71ff27fc2769a1b78a27578f13a17b -> 
  custom:container-demuxer-webm: 4f35f7cbe854078d1ac9338744f61a02 -> 
  custom:container-demuxer-ogg: 62fdf1f143b41e24485cea50d1cbac27 -> 
  custom:video-encoder-webm-vp8: eb34c28f22e8b96e1ab97ce403110664 -> 
  custom:video-decoder-webm-vp8: 9c59270c3fd7afecdb556c50c9e8de78 -> 
  custom:audio-decoder-ogg-vorbis: bf7c407c2cedff20999df2af8eb42d56 -> 
  custom:audio-encoder-webm-vorbis: bf7c407c2cedff20999df2af8eb42d56 -> 
AssetImportWorkerClient::OnTransportError - code=2 error=End of file
